GROUP,PACKAGE,CLASS,INSTRUCTION_MISSED,INSTRUCTION_COVERED,BRANCH_MISSED,BRANCH_COVERED,LINE_MISSED,LINE_COVERED,COMPLEXITY_MISSED,COMPLEXITY_COVERED,METHOD_MISSED,METHOD_COVERED
jCalc,com.qiita.nimzo6689.calculator,CalcController,17,88,0,0,5,25,5,15,5,15
jCalc,com.qiita.nimzo6689.calculator,Bootstrap,6,20,0,0,3,5,1,3,1,3
jCalc,com.qiita.nimzo6689.calculator.utils,Converts,3,16,0,0,1,4,1,2,1,2
jCalc,com.qiita.nimzo6689.calculator.code,Operation,27,83,1,3,3,9,3,5,2,4
jCalc,com.qiita.nimzo6689.calculator.code,Operation.new Operation() {...},0,11,0,0,0,2,0,2,0,2
jCalc,com.qiita.nimzo6689.calculator.code,CalcNumber,33,214,4,6,4,26,5,9,2,7
jCalc,com.qiita.nimzo6689.calculator.code,Operation.new Operation() {...},0,11,0,0,0,2,0,2,0,2
jCalc,com.qiita.nimzo6689.calculator.code,Operation.new Operation() {...},0,11,0,0,0,2,0,2,0,2
jCalc,com.qiita.nimzo6689.calculator.code,Operation.new Operation() {...},0,11,0,0,0,2,0,2,0,2
jCalc,com.qiita.nimzo6689.calculator.state,RegisterBState,9,21,0,0,0,3,2,3,2,3
jCalc,com.qiita.nimzo6689.calculator.state,RegisterAState.new RegisterAState() {...},0,59,1,1,0,17,1,6,0,6
jCalc,com.qiita.nimzo6689.calculator.state,RegisterBState.new RegisterBState() {...},58,41,2,0,15,11,4,3,3,3
jCalc,com.qiita.nimzo6689.calculator.state,ResultState,9,21,0,0,0,3,2,3,2,3
jCalc,com.qiita.nimzo6689.calculator.state,OperationState,9,21,0,0,0,3,2,3,2,3
jCalc,com.qiita.nimzo6689.calculator.state,ResultState.new ResultState() {...},40,32,2,0,10,11,3,4,2,4
jCalc,com.qiita.nimzo6689.calculator.state,RegisterAState,9,21,0,0,0,3,2,3,2,3
jCalc,com.qiita.nimzo6689.calculator.state,OperationState.new OperationState() {...},55,34,6,0,13,11,5,4,2,4
